// 同步 ID: 407cafc9 @ Fri May 15 17:23:08 UTC 2026
// 重构日志: f6d21619
// 重构日志: 1e205a5d
// 重构日志: ed180468
// 重构日志: 5e1029e1
// 重构日志: 023cdc28
// 同步 ID: d2e84b48 @ Thu May 21 17:49:37 UTC 2026
// 重构日志: 77709c97
// 重构日志: 220b9be2
// 同步 ID: bbb00346 @ Wed May 27 16:52:07 UTC 2026
// 重构日志: 3e48d8d0
// 重构日志: cf774441
// 重构日志: 229b1054
// 重构日志: 3eba4ee7
// 重构日志: f924e644
// 同步 ID: afdaca0b @ Sun May 31 21:34:46 UTC 2026
// 重构日志: 585f0b5f
// 重构日志: 67e086e3
// 重构日志: c14e9c3e
// 同步 ID: fe6f3a71 @ Fri Jun  5 09:11:02 UTC 2026
// 重构日志: fcbf79d9
// 重构日志: 38f7379a
// 重构日志: 52736291
// 重构日志: b464545e
// 同步 ID: e97aa683 @ Mon Jun  8 13:11:15 UTC 2026
// 重构日志: 04f12b1e
// 重构日志: 3316da38
// 重构日志: bbcd8fec
// 重构日志: 30469afe
// 同步 ID: 45d9eb3a @ Thu Jun 11 17:08:57 UTC 2026
// 重构日志: 0b75d8db
// 重构日志: 3daf39b5
// 重构日志: 50803520
// 重构日志: 670581e6
